[0.095s] DEBUG:colcon:Command line arguments: ['/usr/bin/colcon', 'build', '--symlink-install']
[0.095s] DEBUG:colcon:Parsed command line arguments: Namespace(log_base=None, log_level=None, verb_name='build', build_base='build', install_base='install', merge_install=False, symlink_install=True, test_result_base=None, continue_on_error=False, executor='parallel', parallel_workers=8, event_handlers=None, ignore_user_meta=False, metas=['./colcon.meta'], base_paths=['.'], packages_ignore=None, packages_ignore_regex=None, paths=None, packages_up_to=None, packages_up_to_regex=None, packages_above=None, packages_above_and_dependencies=None, packages_above_depth=None, packages_select_by_dep=None, packages_skip_by_dep=None, packages_skip_up_to=None, packages_select_build_failed=False, packages_skip_build_finished=False, packages_select_test_failures=False, packages_skip_test_passed=False, packages_select=None, packages_skip=None, packages_select_regex=None, packages_skip_regex=None, packages_start=None, packages_end=None, allow_overriding=[], cmake_args=None, cmake_target=None, cmake_target_skip_unavailable=False, cmake_clean_cache=False, cmake_clean_first=False, cmake_force_configure=False, ament_cmake_args=None, catkin_cmake_args=None, catkin_skip_building_tests=False, mixin_files=None, mixin=None, verb_parser=<colcon_mixin.mixin.mixin_argument.MixinArgumentDecorator object at 0x75c7fcf6b940>, verb_extension=<colcon_core.verb.build.BuildVerb object at 0x75c7fd0b4910>, main=<bound method BuildVerb.main of <colcon_core.verb.build.BuildVerb object at 0x75c7fd0b4910>>, mixin_verb=('build',))
[0.227s] Level 1:colcon.colcon_core.package_discovery:discover_packages(colcon_meta) check parameters
[0.227s] Level 1:colcon.colcon_core.package_discovery:discover_packages(recursive) check parameters
[0.227s] Level 1:colcon.colcon_core.package_discovery:discover_packages(ignore) check parameters
[0.227s] Level 1:colcon.colcon_core.package_discovery:discover_packages(path) check parameters
[0.227s] Level 1:colcon.colcon_core.package_discovery:discover_packages(colcon_meta) discover
[0.227s] Level 1:colcon.colcon_core.package_discovery:discover_packages(recursive) discover
[0.227s] INFO:colcon.colcon_core.package_discovery:Crawling recursively for packages in '/home/rassul/roarm_pain_ws'
[0.227s] Level 1:colcon.colcon_core.package_identification:_identify(.) by extensions ['ignore', 'ignore_ament_install']
[0.227s] Level 1:colcon.colcon_core.package_identification:_identify(.) by extension 'ignore'
[0.227s] Level 1:colcon.colcon_core.package_identification:_identify(.) by extension 'ignore_ament_install'
[0.227s] Level 1:colcon.colcon_core.package_identification:_identify(.) by extensions ['colcon_pkg']
[0.227s] Level 1:colcon.colcon_core.package_identification:_identify(.) by extension 'colcon_pkg'
[0.227s] Level 1:colcon.colcon_core.package_identification:_identify(.) by extensions ['colcon_meta']
[0.227s] Level 1:colcon.colcon_core.package_identification:_identify(.) by extension 'colcon_meta'
[0.227s] Level 1:colcon.colcon_core.package_identification:_identify(.) by extensions ['ros']
[0.227s] Level 1:colcon.colcon_core.package_identification:_identify(.) by extension 'ros'
[0.243s] Level 1:colcon.colcon_core.package_identification:_identify(.) by extensions ['cmake', 'python']
[0.243s] Level 1:colcon.colcon_core.package_identification:_identify(.) by extension 'cmake'
[0.243s] Level 1:colcon.colcon_core.package_identification:_identify(.) by extension 'python'
[0.243s] Level 1:colcon.colcon_core.package_identification:_identify(.) by extensions ['python_setup_py']
[0.243s] Level 1:colcon.colcon_core.package_identification:_identify(.) by extension 'python_setup_py'
[0.244s] Level 1:colcon.colcon_core.package_identification:_identify(build) by extensions ['ignore', 'ignore_ament_install']
[0.244s] Level 1:colcon.colcon_core.package_identification:_identify(build) by extension 'ignore'
[0.244s] Level 1:colcon.colcon_core.package_identification:_identify(build) ignored
[0.244s] Level 1:colcon.colcon_core.package_identification:_identify(install) by extensions ['ignore', 'ignore_ament_install']
[0.244s] Level 1:colcon.colcon_core.package_identification:_identify(install) by extension 'ignore'
[0.244s] Level 1:colcon.colcon_core.package_identification:_identify(install) ignored
[0.244s] Level 1:colcon.colcon_core.package_identification:_identify(log) by extensions ['ignore', 'ignore_ament_install']
[0.244s] Level 1:colcon.colcon_core.package_identification:_identify(log) by extension 'ignore'
[0.244s] Level 1:colcon.colcon_core.package_identification:_identify(log) ignored
[0.244s] Level 1:colcon.colcon_core.package_identification:_identify(src) by extensions ['ignore', 'ignore_ament_install']
[0.244s] Level 1:colcon.colcon_core.package_identification:_identify(src) by extension 'ignore'
[0.244s] Level 1:colcon.colcon_core.package_identification:_identify(src) by extension 'ignore_ament_install'
[0.244s] Level 1:colcon.colcon_core.package_identification:_identify(src) by extensions ['colcon_pkg']
[0.244s] Level 1:colcon.colcon_core.package_identification:_identify(src) by extension 'colcon_pkg'
[0.244s] Level 1:colcon.colcon_core.package_identification:_identify(src) by extensions ['colcon_meta']
[0.244s] Level 1:colcon.colcon_core.package_identification:_identify(src) by extension 'colcon_meta'
[0.244s] Level 1:colcon.colcon_core.package_identification:_identify(src) by extensions ['ros']
[0.244s] Level 1:colcon.colcon_core.package_identification:_identify(src) by extension 'ros'
[0.244s] Level 1:colcon.colcon_core.package_identification:_identify(src) by extensions ['cmake', 'python']
[0.244s] Level 1:colcon.colcon_core.package_identification:_identify(src) by extension 'cmake'
[0.244s] Level 1:colcon.colcon_core.package_identification:_identify(src) by extension 'python'
[0.244s] Level 1:colcon.colcon_core.package_identification:_identify(src) by extensions ['python_setup_py']
[0.244s] Level 1:colcon.colcon_core.package_identification:_identify(src) by extension 'python_setup_py'
[0.244s] Level 1:colcon.colcon_core.package_identification:_identify(src/send_goalpoint) by extensions ['ignore', 'ignore_ament_install']
[0.244s] Level 1:colcon.colcon_core.package_identification:_identify(src/send_goalpoint) by extension 'ignore'
[0.244s] Level 1:colcon.colcon_core.package_identification:_identify(src/send_goalpoint) by extension 'ignore_ament_install'
[0.245s] Level 1:colcon.colcon_core.package_identification:_identify(src/send_goalpoint) by extensions ['colcon_pkg']
[0.245s] Level 1:colcon.colcon_core.package_identification:_identify(src/send_goalpoint) by extension 'colcon_pkg'
[0.245s] Level 1:colcon.colcon_core.package_identification:_identify(src/send_goalpoint) by extensions ['colcon_meta']
[0.245s] Level 1:colcon.colcon_core.package_identification:_identify(src/send_goalpoint) by extension 'colcon_meta'
[0.245s] Level 1:colcon.colcon_core.package_identification:_identify(src/send_goalpoint) by extensions ['ros']
[0.245s] Level 1:colcon.colcon_core.package_identification:_identify(src/send_goalpoint) by extension 'ros'
[0.246s] DEBUG:colcon.colcon_core.package_identification:Package 'src/send_goalpoint' with type 'ros.ament_python' and name 'send_goalpoint'
[0.246s] Level 1:colcon.colcon_core.package_discovery:discover_packages(recursive) using defaults
[0.247s] Level 1:colcon.colcon_core.package_discovery:discover_packages(ignore) discover
[0.247s] Level 1:colcon.colcon_core.package_discovery:discover_packages(ignore) using defaults
[0.247s] Level 1:colcon.colcon_core.package_discovery:discover_packages(path) discover
[0.247s] Level 1:colcon.colcon_core.package_discovery:discover_packages(path) using defaults
[0.263s] Level 1:colcon.colcon_core.package_discovery:discover_packages(prefix_path) check parameters
[0.263s] Level 1:colcon.colcon_core.package_discovery:discover_packages(prefix_path) discover
[0.264s] DEBUG:colcon.colcon_installed_package_information.package_discovery:Found 1 installed packages in /home/rassul/roarm_pain_ws/install
[0.265s] DEBUG:colcon.colcon_installed_package_information.package_discovery:Found 14 installed packages in /home/rassul/roarm_ws_em0/install
[0.266s] DEBUG:colcon.colcon_installed_package_information.package_discovery:Found 25 installed packages in /home/rassul/ros2_ws/install
[0.267s] DEBUG:colcon.colcon_installed_package_information.package_discovery:Found 378 installed packages in /opt/ros/humble
[0.269s] Level 1:colcon.colcon_core.package_discovery:discover_packages(prefix_path) using defaults
[0.304s] Level 5:colcon.colcon_core.verb:set package 'send_goalpoint' build argument 'cmake_args' from command line to 'None'
[0.304s] Level 5:colcon.colcon_core.verb:set package 'send_goalpoint' build argument 'cmake_target' from command line to 'None'
[0.304s] Level 5:colcon.colcon_core.verb:set package 'send_goalpoint' build argument 'cmake_target_skip_unavailable' from command line to 'False'
[0.304s] Level 5:colcon.colcon_core.verb:set package 'send_goalpoint' build argument 'cmake_clean_cache' from command line to 'False'
[0.304s] Level 5:colcon.colcon_core.verb:set package 'send_goalpoint' build argument 'cmake_clean_first' from command line to 'False'
[0.304s] Level 5:colcon.colcon_core.verb:set package 'send_goalpoint' build argument 'cmake_force_configure' from command line to 'False'
[0.304s] Level 5:colcon.colcon_core.verb:set package 'send_goalpoint' build argument 'ament_cmake_args' from command line to 'None'
[0.304s] Level 5:colcon.colcon_core.verb:set package 'send_goalpoint' build argument 'catkin_cmake_args' from command line to 'None'
[0.304s] Level 5:colcon.colcon_core.verb:set package 'send_goalpoint' build argument 'catkin_skip_building_tests' from command line to 'False'
[0.304s] DEBUG:colcon.colcon_core.verb:Building package 'send_goalpoint' with the following arguments: {'ament_cmake_args': None, 'build_base': '/home/rassul/roarm_pain_ws/build/send_goalpoint', 'catkin_cmake_args': None, 'catkin_skip_building_tests': False, 'cmake_args': None, 'cmake_clean_cache': False, 'cmake_clean_first': False, 'cmake_force_configure': False, 'cmake_target': None, 'cmake_target_skip_unavailable': False, 'install_base': '/home/rassul/roarm_pain_ws/install/send_goalpoint', 'merge_install': False, 'path': '/home/rassul/roarm_pain_ws/src/send_goalpoint', 'symlink_install': True, 'test_result_base': None}
[0.305s] INFO:colcon.colcon_core.executor:Executing jobs using 'parallel' executor
[0.305s] DEBUG:colcon.colcon_parallel_executor.executor.parallel:run_until_complete
[0.305s] INFO:colcon.colcon_ros.task.ament_python.build:Building ROS package in '/home/rassul/roarm_pain_ws/src/send_goalpoint' with build type 'ament_python'
[0.306s] Level 1:colcon.colcon_core.shell:create_environment_hook('send_goalpoint', 'ament_prefix_path')
[0.307s] INFO:colcon.colcon_core.plugin_system:Skipping extension 'colcon_core.shell.bat': Not used on non-Windows systems
[0.307s] INFO:colcon.colcon_core.shell:Creating environment hook '/home/rassul/roarm_pain_ws/install/send_goalpoint/share/send_goalpoint/hook/ament_prefix_path.ps1'
[0.308s] INFO:colcon.colcon_core.shell:Creating environment descriptor '/home/rassul/roarm_pain_ws/install/send_goalpoint/share/send_goalpoint/hook/ament_prefix_path.dsv'
[0.308s] INFO:colcon.colcon_core.shell:Creating environment hook '/home/rassul/roarm_pain_ws/install/send_goalpoint/share/send_goalpoint/hook/ament_prefix_path.sh'
[0.309s] INFO:colcon.colcon_core.shell:Skip shell extension 'powershell' for command environment: Not usable outside of PowerShell
[0.309s] DEBUG:colcon.colcon_core.shell:Skip shell extension 'dsv' for command environment
[0.525s] INFO:colcon.colcon_core.task.python.build:Building Python package in '/home/rassul/roarm_pain_ws/src/send_goalpoint'
[0.526s] INFO:colcon.colcon_core.shell:Skip shell extension 'powershell' for command environment: Not usable outside of PowerShell
[0.526s] DEBUG:colcon.colcon_core.shell:Skip shell extension 'dsv' for command environment
[0.818s] DEBUG:colcon.colcon_core.event_handler.log_command:Invoking command in '/home/rassul/roarm_pain_ws/build/send_goalpoint': PYTHONPATH=/home/rassul/roarm_pain_ws/build/send_goalpoint/prefix_override:/usr/lib/python3/dist-packages/colcon_core/task/python/colcon_distutils_commands:/home/rassul/roarm_pain_ws/install/send_goalpoint/lib/python3.10/site-packages:${PYTHONPATH} /usr/bin/python3 -W ignore:setup.py install is deprecated -W ignore:easy_install command is deprecated setup.py develop --editable --build-directory /home/rassul/roarm_pain_ws/build/send_goalpoint/build --no-deps symlink_data
[1.202s] Level 1:colcon.colcon_core.shell:create_environment_hook('send_goalpoint', 'pythonpath_develop')
[1.202s] INFO:colcon.colcon_core.shell:Creating environment hook '/home/rassul/roarm_pain_ws/build/send_goalpoint/share/send_goalpoint/hook/pythonpath_develop.ps1'
[1.202s] DEBUG:colcon.colcon_core.event_handler.log_command:Invoked command in '/home/rassul/roarm_pain_ws/build/send_goalpoint' returned '0': PYTHONPATH=/home/rassul/roarm_pain_ws/build/send_goalpoint/prefix_override:/usr/lib/python3/dist-packages/colcon_core/task/python/colcon_distutils_commands:/home/rassul/roarm_pain_ws/install/send_goalpoint/lib/python3.10/site-packages:${PYTHONPATH} /usr/bin/python3 -W ignore:setup.py install is deprecated -W ignore:easy_install command is deprecated setup.py develop --editable --build-directory /home/rassul/roarm_pain_ws/build/send_goalpoint/build --no-deps symlink_data
[1.203s] INFO:colcon.colcon_core.shell:Creating environment descriptor '/home/rassul/roarm_pain_ws/build/send_goalpoint/share/send_goalpoint/hook/pythonpath_develop.dsv'
[1.203s] INFO:colcon.colcon_core.shell:Creating environment hook '/home/rassul/roarm_pain_ws/build/send_goalpoint/share/send_goalpoint/hook/pythonpath_develop.sh'
[1.205s] Level 1:colcon.colcon_core.environment:checking '/home/rassul/roarm_pain_ws/install/send_goalpoint' for CMake module files
[1.206s] Level 1:colcon.colcon_core.environment:checking '/home/rassul/roarm_pain_ws/install/send_goalpoint' for CMake config files
[1.206s] Level 1:colcon.colcon_core.environment:checking '/home/rassul/roarm_pain_ws/install/send_goalpoint/lib'
[1.206s] Level 1:colcon.colcon_core.environment:checking '/home/rassul/roarm_pain_ws/install/send_goalpoint/bin'
[1.206s] Level 1:colcon.colcon_core.environment:checking '/home/rassul/roarm_pain_ws/install/send_goalpoint/lib/pkgconfig/send_goalpoint.pc'
[1.206s] Level 1:colcon.colcon_core.environment:checking '/home/rassul/roarm_pain_ws/install/send_goalpoint/lib/python3.10/site-packages'
[1.207s] Level 1:colcon.colcon_core.shell:create_environment_hook('send_goalpoint', 'pythonpath')
[1.207s] INFO:colcon.colcon_core.shell:Creating environment hook '/home/rassul/roarm_pain_ws/install/send_goalpoint/share/send_goalpoint/hook/pythonpath.ps1'
[1.207s] INFO:colcon.colcon_core.shell:Creating environment descriptor '/home/rassul/roarm_pain_ws/install/send_goalpoint/share/send_goalpoint/hook/pythonpath.dsv'
[1.207s] INFO:colcon.colcon_core.shell:Creating environment hook '/home/rassul/roarm_pain_ws/install/send_goalpoint/share/send_goalpoint/hook/pythonpath.sh'
[1.208s] Level 1:colcon.colcon_core.environment:checking '/home/rassul/roarm_pain_ws/install/send_goalpoint/bin'
[1.208s] Level 1:colcon.colcon_core.environment:create_environment_scripts_only(send_goalpoint)
[1.208s] INFO:colcon.colcon_core.shell:Creating package script '/home/rassul/roarm_pain_ws/install/send_goalpoint/share/send_goalpoint/package.ps1'
[1.209s] INFO:colcon.colcon_core.shell:Creating package descriptor '/home/rassul/roarm_pain_ws/install/send_goalpoint/share/send_goalpoint/package.dsv'
[1.209s] INFO:colcon.colcon_core.shell:Creating package script '/home/rassul/roarm_pain_ws/install/send_goalpoint/share/send_goalpoint/package.sh'
[1.209s] INFO:colcon.colcon_core.shell:Creating package script '/home/rassul/roarm_pain_ws/install/send_goalpoint/share/send_goalpoint/package.bash'
[1.210s] INFO:colcon.colcon_core.shell:Creating package script '/home/rassul/roarm_pain_ws/install/send_goalpoint/share/send_goalpoint/package.zsh'
[1.211s] Level 1:colcon.colcon_core.environment:create_file_with_runtime_dependencies(/home/rassul/roarm_pain_ws/install/send_goalpoint/share/colcon-core/packages/send_goalpoint)
[1.211s] DEBUG:colcon.colcon_parallel_executor.executor.parallel:closing loop
[1.211s] DEBUG:colcon.colcon_parallel_executor.executor.parallel:loop closed
[1.211s] DEBUG:colcon.colcon_parallel_executor.executor.parallel:run_until_complete finished with '0'
[1.211s] DEBUG:colcon.colcon_core.event_reactor:joining thread
[1.216s] INFO:colcon.colcon_core.plugin_system:Skipping extension 'colcon_notification.desktop_notification.terminal_notifier': Not used on non-Darwin systems
[1.216s] INFO:colcon.colcon_core.plugin_system:Skipping extension 'colcon_notification.desktop_notification.win32': Not used on non-Windows systems
[1.216s] INFO:colcon.colcon_notification.desktop_notification:Sending desktop notification using 'notify2'
[1.224s] DEBUG:colcon.colcon_core.event_reactor:joined thread
[1.225s] INFO:colcon.colcon_core.shell:Creating prefix script '/home/rassul/roarm_pain_ws/install/local_setup.ps1'
[1.226s] INFO:colcon.colcon_core.shell:Creating prefix util module '/home/rassul/roarm_pain_ws/install/_local_setup_util_ps1.py'
[1.227s] INFO:colcon.colcon_core.shell:Creating prefix chain script '/home/rassul/roarm_pain_ws/install/setup.ps1'
[1.229s] INFO:colcon.colcon_core.shell:Creating prefix script '/home/rassul/roarm_pain_ws/install/local_setup.sh'
[1.229s] INFO:colcon.colcon_core.shell:Creating prefix util module '/home/rassul/roarm_pain_ws/install/_local_setup_util_sh.py'
[1.229s] INFO:colcon.colcon_core.shell:Creating prefix chain script '/home/rassul/roarm_pain_ws/install/setup.sh'
[1.231s] INFO:colcon.colcon_core.shell:Creating prefix script '/home/rassul/roarm_pain_ws/install/local_setup.bash'
[1.231s] INFO:colcon.colcon_core.shell:Creating prefix chain script '/home/rassul/roarm_pain_ws/install/setup.bash'
[1.233s] INFO:colcon.colcon_core.shell:Creating prefix script '/home/rassul/roarm_pain_ws/install/local_setup.zsh'
[1.233s] INFO:colcon.colcon_core.shell:Creating prefix chain script '/home/rassul/roarm_pain_ws/install/setup.zsh'
