[0.491s] Invoking command in '/home/rassul/roarm_pain_ws/src/send_goalpoint': PYTHONPATH=/home/rassul/roarm_pain_ws/build/send_goalpoint/prefix_override:/usr/lib/python3/dist-packages/colcon_core/task/python/colcon_distutils_commands:/home/rassul/roarm_pain_ws/install/send_goalpoint/lib/python3.10/site-packages:${PYTHONPATH} /usr/bin/python3 -W ignore:setup.py install is deprecated -W ignore:easy_install command is deprecated setup.py egg_info --egg-base ../../build/send_goalpoint build --build-base /home/rassul/roarm_pain_ws/build/send_goalpoint/build install --record /home/rassul/roarm_pain_ws/build/send_goalpoint/install.log --single-version-externally-managed install_data
[0.674s] running egg_info
[0.674s] creating ../../build/send_goalpoint/send_goalpoint.egg-info
[0.674s] writing ../../build/send_goalpoint/send_goalpoint.egg-info/PKG-INFO
[0.674s] writing dependency_links to ../../build/send_goalpoint/send_goalpoint.egg-info/dependency_links.txt
[0.674s] writing entry points to ../../build/send_goalpoint/send_goalpoint.egg-info/entry_points.txt
[0.674s] writing requirements to ../../build/send_goalpoint/send_goalpoint.egg-info/requires.txt
[0.674s] writing top-level names to ../../build/send_goalpoint/send_goalpoint.egg-info/top_level.txt
[0.674s] writing manifest file '../../build/send_goalpoint/send_goalpoint.egg-info/SOURCES.txt'
[0.675s] reading manifest file '../../build/send_goalpoint/send_goalpoint.egg-info/SOURCES.txt'
[0.675s] adding license file 'LICENSE'
[0.676s] writing manifest file '../../build/send_goalpoint/send_goalpoint.egg-info/SOURCES.txt'
[0.676s] running build
[0.676s] running build_py
[0.676s] creating /home/rassul/roarm_pain_ws/build/send_goalpoint/build
[0.676s] creating /home/rassul/roarm_pain_ws/build/send_goalpoint/build/lib
[0.676s] creating /home/rassul/roarm_pain_ws/build/send_goalpoint/build/lib/send_goalpoint
[0.676s] copying send_goalpoint/__init__.py -> /home/rassul/roarm_pain_ws/build/send_goalpoint/build/lib/send_goalpoint
[0.676s] copying send_goalpoint/move_point.py -> /home/rassul/roarm_pain_ws/build/send_goalpoint/build/lib/send_goalpoint
[0.676s] running install
[0.677s] running install_lib
[0.677s] creating /home/rassul/roarm_pain_ws/install/send_goalpoint/lib/python3.10/site-packages/send_goalpoint
[0.677s] copying /home/rassul/roarm_pain_ws/build/send_goalpoint/build/lib/send_goalpoint/__init__.py -> /home/rassul/roarm_pain_ws/install/send_goalpoint/lib/python3.10/site-packages/send_goalpoint
[0.677s] copying /home/rassul/roarm_pain_ws/build/send_goalpoint/build/lib/send_goalpoint/move_point.py -> /home/rassul/roarm_pain_ws/install/send_goalpoint/lib/python3.10/site-packages/send_goalpoint
[0.677s] byte-compiling /home/rassul/roarm_pain_ws/install/send_goalpoint/lib/python3.10/site-packages/send_goalpoint/__init__.py to __init__.cpython-310.pyc
[0.678s] byte-compiling /home/rassul/roarm_pain_ws/install/send_goalpoint/lib/python3.10/site-packages/send_goalpoint/move_point.py to move_point.cpython-310.pyc
[0.678s] running install_data
[0.678s] creating /home/rassul/roarm_pain_ws/install/send_goalpoint/share/ament_index
[0.678s] creating /home/rassul/roarm_pain_ws/install/send_goalpoint/share/ament_index/resource_index
[0.678s] creating /home/rassul/roarm_pain_ws/install/send_goalpoint/share/ament_index/resource_index/packages
[0.678s] copying resource/send_goalpoint -> /home/rassul/roarm_pain_ws/install/send_goalpoint/share/ament_index/resource_index/packages
[0.678s] copying package.xml -> /home/rassul/roarm_pain_ws/install/send_goalpoint/share/send_goalpoint
[0.678s] running install_egg_info
[0.680s] Copying ../../build/send_goalpoint/send_goalpoint.egg-info to /home/rassul/roarm_pain_ws/install/send_goalpoint/lib/python3.10/site-packages/send_goalpoint-0.0.0-py3.10.egg-info
[0.680s] running install_scripts
[0.695s] Installing move_point script to /home/rassul/roarm_pain_ws/install/send_goalpoint/lib/send_goalpoint
[0.695s] writing list of installed files to '/home/rassul/roarm_pain_ws/build/send_goalpoint/install.log'
[0.714s] Invoked command in '/home/rassul/roarm_pain_ws/src/send_goalpoint' returned '0': PYTHONPATH=/home/rassul/roarm_pain_ws/build/send_goalpoint/prefix_override:/usr/lib/python3/dist-packages/colcon_core/task/python/colcon_distutils_commands:/home/rassul/roarm_pain_ws/install/send_goalpoint/lib/python3.10/site-packages:${PYTHONPATH} /usr/bin/python3 -W ignore:setup.py install is deprecated -W ignore:easy_install command is deprecated setup.py egg_info --egg-base ../../build/send_goalpoint build --build-base /home/rassul/roarm_pain_ws/build/send_goalpoint/build install --record /home/rassul/roarm_pain_ws/build/send_goalpoint/install.log --single-version-externally-managed install_data
